# JRE version: OpenJDK Runtime Environment (11.0.12+7) (build 11.0.12+7-b1504.28-7817840)
# Java VM: OpenJDK 64-Bit Server VM (11.0.12+7-b1504.28-7817840, mixed mode, tiered, compressed oops, g1 gc, windows-amd64)
Heap:
 garbage-first heap   total 118784K, used 44388K [0x00000000a2200000, 0x0000000100000000)
  region size 1024K, 23 young (23552K), 5 survivors (5120K)
 Metaspace       used 46288K, capacity 46871K, committed 46976K, reserved 1091584K
  class space    used 5516K, capacity 5739K, committed 5760K, reserved 1048576K
GC Heap History (10 events):
Event: 0.776 GC heap before
{Heap before GC invocations=0 (full 0):
 garbage-first heap   total 96256K, used 27648K [0x00000000a2200000, 0x0000000100000000)
  region size 1024K, 24 young (24576K), 0 survivors (0K)
 Metaspace       used 12417K, capacity 12561K, committed 12800K, reserved 1060864K
  class space    used 1135K, capacity 1182K, committed 1280K, reserved 1048576K
}
Event: 0.784 GC heap after
{Heap after GC invocations=1 (full 0):
 garbage-first heap   total 96256K, used 6487K [0x00000000a2200000, 0x0000000100000000)
  region size 1024K, 3 young (3072K), 3 survivors (3072K)
 Metaspace       used 12417K, capacity 12561K, committed 12800K, reserved 1060864K
  class space    used 1135K, capacity 1182K, committed 1280K, reserved 1048576K
}
Event: 1.712 GC heap before
{Heap before GC invocations=1 (full 0):
 garbage-first heap   total 96256K, used 42327K [0x00000000a2200000, 0x0000000100000000)
  region size 1024K, 39 young (39936K), 3 survivors (3072K)
 Metaspace       used 20667K, capacity 20984K, committed 21248K, reserved 1069056K
  class space    used 2207K, capacity 2274K, committed 2304K, reserved 1048576K
}
Event: 1.730 GC heap after
{Heap after GC invocations=2 (full 0):
 garbage-first heap   total 96256K, used 9903K [0x00000000a2200000, 0x0000000100000000)
  region size 1024K, 7 young (7168K), 7 survivors (7168K)
 Metaspace       used 20667K, capacity 20984K, committed 21248K, reserved 1069056K
  class space    used 2207K, capacity 2274K, committed 2304K, reserved 1048576K
}
Event: 2.754 GC heap before
{Heap before GC invocations=3 (full 0):
 garbage-first heap   total 96256K, used 54959K [0x00000000a2200000, 0x0000000100000000)
  region size 1024K, 48 young (49152K), 7 survivors (7168K)
 Metaspace       used 31724K, capacity 32227K, committed 32512K, reserved 1077248K
  class space    used 3814K, capacity 4001K, committed 4096K, reserved 1048576K
}
Event: 2.778 GC heap after
{Heap after GC invocations=4 (full 0):
 garbage-first heap   total 96256K, used 16660K [0x00000000a2200000, 0x0000000100000000)
  region size 1024K, 4 young (4096K), 4 survivors (4096K)
 Metaspace       used 31724K, capacity 32227K, committed 32512K, reserved 1077248K
  class space    used 3814K, capacity 4001K, committed 4096K, reserved 1048576K
}
Event: 3.183 GC heap before
{Heap before GC invocations=4 (full 0):
 garbage-first heap   total 96256K, used 37140K [0x00000000a2200000, 0x0000000100000000)
  region size 1024K, 23 young (23552K), 4 survivors (4096K)
 Metaspace       used 34957K, capacity 35411K, committed 35584K, reserved 1081344K
  class space    used 4372K, capacity 4548K, committed 4608K, reserved 1048576K
}
Event: 3.200 GC heap after
{Heap after GC invocations=5 (full 0):
 garbage-first heap   total 96256K, used 21888K [0x00000000a2200000, 0x0000000100000000)
  region size 1024K, 4 young (4096K), 4 survivors (4096K)
 Metaspace       used 34957K, capacity 35411K, committed 35584K, reserved 1081344K
  class space    used 4372K, capacity 4548K, committed 4608K, reserved 1048576K
}
Event: 4.195 GC heap before
{Heap before GC invocations=6 (full 0):
 garbage-first heap   total 96256K, used 60800K [0x00000000a2200000, 0x0000000100000000)
  region size 1024K, 42 young (43008K), 4 survivors (4096K)
 Metaspace       used 41822K, capacity 42305K, committed 42496K, reserved 1087488K
  class space    used 5040K, capacity 5265K, committed 5376K, reserved 1048576K
}
Event: 4.211 GC heap after
{Heap after GC invocations=7 (full 0):
 garbage-first heap   total 118784K, used 24932K [0x00000000a2200000, 0x0000000100000000)
  region size 1024K, 5 young (5120K), 5 survivors (5120K)
 Metaspace       used 41822K, capacity 42305K, committed 42496K, reserved 1087488K
  class space    used 5040K, capacity 5265K, committed 5376K, reserved 1048576K
}

